<?xml version="1.0" encoding="UTF-8"?>
<!-- Generated by org.testng.reporters.JUnitXMLReporter -->
<testsuite ignored="0" hostname="LTIN640334" failures="0" tests="1" name="Amazon Laptop Flow" time="0.053" errors="0" timestamp="2026-03-03T12:44:01 IST">
  <testcase classname="base.BaseTest" name="@BeforeClass setUp" time="0.008">
    <failure type="java.lang.RuntimeException" message="Driver setup failed in BaseTest.setUp()">
      <![CDATA[java.lang.RuntimeException: Driver setup failed in BaseTest.setUp()
at base.BaseTest.setUp(BaseTest.java:38)
at java.base/java.util.ArrayList.forEach(ArrayList.java:1596)
Caused by: java.lang.IllegalStateException: EdgeDriver not found at: C:\Users\2389193\eclipse-workspace\test1\drivers\msedgedriver.exe
• Place msedgedriver.exe there.
• Ensure the filename is exactly 'msedgedriver.exe' (check hidden extensions).
• Match your Edge major version (see edge://version/).
at base.BaseTest.setUp(BaseTest.java:22)
... 24 more
... Removed 23 stack frames]]>
    </failure>
  </testcase> <!-- @BeforeClass setUp -->
  <testcase classname="tests.AmazonTest" name="testAmazonLaptopPurchaseFlow" time="0.0">
    <skipped/>
  </testcase> <!-- testAmazonLaptopPurchaseFlow -->
</testsuite> <!-- Amazon Laptop Flow -->
