<?xml version="1.0" encoding="UTF-8"?>
<!-- Generated by org.testng.reporters.JUnitXMLReporter -->
<testsuite ignored="0" hostname="LTIN640334" failures="0" tests="1" name="Edge Run" time="3.549" errors="0" timestamp="2026-03-10T15:13:42 IST">
  <testcase classname="base.BaseTest" name="@BeforeMethod setUp" time="3.468">
    <failure type="java.lang.RuntimeException" message="EdgeDriver not found at: C:\Users\2389193\eclipse-workspace\test1\drivers\msedgedriver.exe
Provide -DedgeDriverPath=... or place it at ./drivers/msedgedriver.exe (version must match Edge).">
      <![CDATA[java.lang.RuntimeException: EdgeDriver not found at: C:\Users\2389193\eclipse-workspace\test1\drivers\msedgedriver.exe
Provide -DedgeDriverPath=... or place it at ./drivers/msedgedriver.exe (version must match Edge).
at driver.DriverFactory.launchEdgeFromLocal(DriverFactory.java:101)
at driver.DriverFactory.createEdge(DriverFactory.java:91)
at driver.DriverFactory.initDriver(DriverFactory.java:23)
at base.BaseTest.setUp(BaseTest.java:15)
at java.base/java.util.ArrayList.forEach(ArrayList.java:1596)
at java.base/java.util.concurrent.FutureTask.run(FutureTask.java:317)
at java.base/java.util.concurrent.ThreadPoolExecutor.runWorker(ThreadPoolExecutor.java:1144)
at java.base/java.util.concurrent.ThreadPoolExecutor$Worker.run(ThreadPoolExecutor.java:642)
at java.base/java.lang.Thread.run(Thread.java:1583)
... Removed 19 stack frames]]>
    </failure>
  </testcase> <!-- @BeforeMethod setUp -->
  <testcase classname="tests.LaptopSearchTests" name="searchAndAddDellLaptop" time="0.0">
    <skipped/>
  </testcase> <!-- searchAndAddDellLaptop -->
</testsuite> <!-- Edge Run -->
