<?xml version="1.0" encoding="UTF-8"?>
<testng-results ignored="0" total="2" passed="2" failed="0" skipped="0">
  <reporter-output>
  </reporter-output>
  <suite started-at="2026-03-27T11:55:24 IST" name="Amazon Suite" finished-at="2026-03-27T12:00:07 IST" duration-ms="282461">
    <groups>
    </groups>
    <test started-at="2026-03-27T11:55:24 IST" name="Chrome Test" finished-at="2026-03-27T11:57:52 IST" duration-ms="147558">
      <class name="TestPage.TestingPage">
        <test-method is-config="true" signature="setup(java.lang.String)[pri:0, instance:TestPage.TestingPage@707194ba]" started-at="2026-03-27T11:55:24 IST" name="setup" finished-at="2026-03-27T11:55:32 IST" duration-ms="7561" status="PASS">
          <params>
            <param index="0">
              <value>
                <![CDATA[chrome]]>
              </value>
            </param>
          </params>
          <reporter-output>
          </reporter-output>
        </test-method> <!-- setup -->
        <test-method signature="Testing()[pri:0, instance:TestPage.TestingPage@707194ba]" started-at="2026-03-27T11:55:32 IST" name="Testing" finished-at="2026-03-27T11:57:45 IST" duration-ms="133031" status="PASS">
          <reporter-output>
          </reporter-output>
        </test-method> <!-- Testing -->
        <test-method is-config="true" signature="teardown()[pri:0, instance:TestPage.TestingPage@707194ba]" started-at="2026-03-27T11:57:45 IST" name="teardown" finished-at="2026-03-27T11:57:52 IST" duration-ms="6870" status="PASS">
          <reporter-output>
          </reporter-output>
        </test-method> <!-- teardown -->
      </class> <!-- TestPage.TestingPage -->
    </test> <!-- Chrome Test -->
    <test started-at="2026-03-27T11:57:52 IST" name="Edge Test" finished-at="2026-03-27T12:00:07 IST" duration-ms="134847">
      <class name="TestPage.TestingPage">
        <test-method is-config="true" signature="setup(java.lang.String)[pri:0, instance:TestPage.TestingPage@4f67eb2a]" started-at="2026-03-27T11:57:52 IST" name="setup" finished-at="2026-03-27T11:58:04 IST" duration-ms="11499" status="PASS">
          <params>
            <param index="0">
              <value>
                <![CDATA[edge]]>
              </value>
            </param>
          </params>
          <reporter-output>
          </reporter-output>
        </test-method> <!-- setup -->
        <test-method signature="Testing()[pri:0, instance:TestPage.TestingPage@4f67eb2a]" started-at="2026-03-27T11:58:04 IST" name="Testing" finished-at="2026-03-27T12:00:00 IST" duration-ms="116520" status="PASS">
          <reporter-output>
          </reporter-output>
        </test-method> <!-- Testing -->
        <test-method is-config="true" signature="teardown()[pri:0, instance:TestPage.TestingPage@4f67eb2a]" started-at="2026-03-27T12:00:00 IST" name="teardown" finished-at="2026-03-27T12:00:07 IST" duration-ms="6817" status="PASS">
          <reporter-output>
          </reporter-output>
        </test-method> <!-- teardown -->
      </class> <!-- TestPage.TestingPage -->
    </test> <!-- Edge Test -->
  </suite> <!-- Amazon Suite -->
</testng-results>
